<?xml version="1.0" encoding="UTF-8"?>
<!-- Generated by org.testng.reporters.JUnitXMLReporter -->
<testsuite ignored="0" hostname="DESKTOP-S4B5J1M" failures="1" tests="1" name="Module2" time="29.325" errors="0" timestamp="2023-06-23T19:37:21 IST">
  <testcase classname="Module1_login_Test.PBLoginTest1" name="verifyFullName" time="9.294">
    <failure type="java.io.FileNotFoundException" message="C:\Users\Shree\git\SeleniumRevisionMaven1\TestData (Access is denied)">
      <![CDATA[java.io.FileNotFoundException: C:\Users\Shree\git\SeleniumRevisionMaven1\TestData (Access is denied)
at java.base/java.io.FileInputStream.open0(Native Method)
at java.base/java.io.FileInputStream.open(FileInputStream.java:216)
at java.base/java.io.FileInputStream.<init>(FileInputStream.java:157)
at java.base/java.io.FileInputStream.<init>(FileInputStream.java:111)
at LibraryFiles.UtilityClass.getTestData(UtilityClass.java:25)
at Module1_login_Test.PBLoginTest1.verifyFullName(PBLoginTest1.java:87)
at java.base/java.util.ArrayList.forEach(ArrayList.java:1511)
... Removed 25 stack frames]]>
    </failure>
  </testcase> <!-- verifyFullName -->
</testsuite> <!-- Module2 -->
