<?xml version="1.0" encoding="UTF-8"?>
<!-- Generated by org.testng.reporters.JUnitXMLReporter -->
<testsuite ignored="0" hostname="DESKTOP-S4B5J1M" failures="0" tests="2" name="Default test" time="74.241" errors="0" timestamp="2023-08-25T10:19:18 IST">
  <testcase classname="Module1_login_Test.PBContactsDetailsVerification" name="verifyMobNumber" time="10.26"/>
  <testcase classname="Module1_login_Test.PBContactsDetailsVerification" name="verifyEmail" time="5.176"/>
</testsuite> <!-- Default test -->
