<?xml version="1.0" encoding="UTF-8"?>
<!-- Generated by org.testng.reporters.JUnitXMLReporter -->
<testsuite ignored="0" hostname="DESKTOP-S4B5J1M" failures="0" tests="2" name="Test" time="26.508" errors="0" timestamp="2023-08-25T10:14:11 IST">
  <testcase classname="Module1_login_Test.PBContactsDetailsVerification" name="@BeforeMethod loginToApp1" time="13.228">
    <failure type="java.lang.IndexOutOfBoundsException" message="Index 1 out of bounds for length 1">
      <![CDATA[java.lang.IndexOutOfBoundsException: Index 1 out of bounds for length 1
at java.base/jdk.internal.util.Preconditions.outOfBounds(Preconditions.java:100)
at java.base/jdk.internal.util.Preconditions.outOfBoundsCheckIndex(Preconditions.java:106)
at java.base/jdk.internal.util.Preconditions.checkIndex(Preconditions.java:302)
at java.base/java.util.Objects.checkIndex(Objects.java:359)
at java.base/java.util.ArrayList.get(ArrayList.java:427)
at Module1_Login.PBProfilePage.switchToNewWindow(PBProfilePage.java:40)
at Module1_login_Test.PBContactsDetailsVerification.loginToApp1(PBContactsDetailsVerification.java:87)
at java.base/java.util.ArrayList.forEach(ArrayList.java:1511)
... Removed 29 stack frames]]>
    </failure>
  </testcase> <!-- @BeforeMethod loginToApp1 -->
  <testcase classname="Module1_login_Test.PBContactsDetailsVerification" name="@AfterMethod name" time="-1.692938651313E9">
    <skipped/>
  </testcase> <!-- @AfterMethod name -->
  <testcase classname="Module1_login_Test.PBContactsDetailsVerification" name="@BeforeMethod loginToApp1" time="-1.692938651333E9">
    <skipped/>
  </testcase> <!-- @BeforeMethod loginToApp1 -->
  <testcase classname="Module1_login_Test.PBContactsDetailsVerification" name="@AfterMethod name" time="-1.692938651389E9">
    <skipped/>
  </testcase> <!-- @AfterMethod name -->
  <testcase classname="Module1_login_Test.PBContactsDetailsVerification" name="@AfterClass closeBrowser" time="-1.692938651394E9">
    <skipped/>
  </testcase> <!-- @AfterClass closeBrowser -->
  <testcase classname="Module1_login_Test.PBContactsDetailsVerification" name="@AfterTest clean" time="-1.6929386514E9">
    <skipped/>
  </testcase> <!-- @AfterTest clean -->
  <testcase classname="Module1_login_Test.PBContactsDetailsVerification" name="verifyMobNumber" time="0.0">
    <skipped/>
  </testcase> <!-- verifyMobNumber -->
  <testcase classname="Module1_login_Test.PBContactsDetailsVerification" name="verifyEmail" time="0.0">
    <skipped/>
  </testcase> <!-- verifyEmail -->
</testsuite> <!-- Test -->
