<?xml version="1.0" encoding="UTF-8"?>
<testng-results ignored="0" total="1" passed="1" failed="0" skipped="0">
  <reporter-output>
  </reporter-output>
  <suite started-at="2023-06-23T20:16:16 IST" name="RegressionSuite" finished-at="2023-06-23T20:16:48 IST" duration-ms="32130">
    <groups>
    </groups>
    <test started-at="2023-06-23T20:16:16 IST" name="Module1" finished-at="2023-06-23T20:16:48 IST" duration-ms="32130">
      <class name="Module1_login_Test.PBLoginTest1">
        <test-method is-config="true" signature="extentreportBeforeTest()[pri:0, instance:Module1_login_Test.PBLoginTest1@7d8995e]" started-at="2023-06-23T20:16:16 IST" name="extentreportBeforeTest" finished-at="2023-06-23T20:16:16 IST" duration-ms="351" status="PASS">
          <reporter-output>
          </reporter-output>
        </test-method> <!-- extentreportBeforeTest -->
        <test-method is-config="true" signature="openBrowser()[pri:0, instance:Module1_login_Test.PBLoginTest1@7d8995e]" started-at="2023-06-23T20:16:16 IST" name="openBrowser" finished-at="2023-06-23T20:16:28 IST" duration-ms="11924" status="PASS">
          <reporter-output>
          </reporter-output>
        </test-method> <!-- openBrowser -->
        <test-method is-config="true" signature="loginToApp()[pri:0, instance:Module1_login_Test.PBLoginTest1@7d8995e]" started-at="2023-06-23T20:16:28 IST" name="loginToApp" finished-at="2023-06-23T20:16:34 IST" duration-ms="6338" status="PASS">
          <reporter-output>
          </reporter-output>
        </test-method> <!-- loginToApp -->
        <test-method signature="verifyFullName()[pri:0, instance:Module1_login_Test.PBLoginTest1@7d8995e]" started-at="2023-06-23T20:16:34 IST" name="verifyFullName" finished-at="2023-06-23T20:16:48 IST" duration-ms="13440" status="PASS">
          <reporter-output>
          </reporter-output>
        </test-method> <!-- verifyFullName -->
        <test-method is-config="true" signature="name(org.testng.ITestResult)[pri:0, instance:Module1_login_Test.PBLoginTest1@7d8995e]" started-at="2023-06-23T20:16:48 IST" name="name" finished-at="2023-06-23T20:16:48 IST" duration-ms="4" status="PASS">
          <params>
            <param index="0">
              <value>
                <![CDATA[[TestResult name=verifyFullName status=SUCCESS method=PBLoginTest1.verifyFullName()[pri:0, instance:Module1_login_Test.PBLoginTest1@7d8995e] output={null}]]]>
              </value>
            </param>
          </params>
          <reporter-output>
          </reporter-output>
        </test-method> <!-- name -->
        <test-method is-config="true" signature="closeBrowser()[pri:0, instance:Module1_login_Test.PBLoginTest1@7d8995e]" started-at="2023-06-23T20:16:48 IST" name="closeBrowser" finished-at="2023-06-23T20:16:48 IST" duration-ms="1" status="PASS">
          <reporter-output>
          </reporter-output>
        </test-method> <!-- closeBrowser -->
      </class> <!-- Module1_login_Test.PBLoginTest1 -->
    </test> <!-- Module1 -->
  </suite> <!-- RegressionSuite -->
</testng-results>
